<?xml version="1.0" encoding="UTF-8"?>
<!-- Generated by org.testng.reporters.JUnitReportReporter -->
<testsuite skipped="0" hostname="blr2ShivanandH1" name="com.org.search.runner.TestRunner" tests="2" failures="0" timestamp="24 Mar 2021 23:11:55 GMT" time="20.629" errors="0">
  <testcase name="feature" time="13.999" classname="com.org.search.runner.TestRunner"/>
  <testcase name="feature" time="6.630" classname="com.org.search.runner.TestRunner"/>
</testsuite> <!-- com.org.search.runner.TestRunner -->
